 'FUE.LAB' 6/
  1  1                             24L-01 24K-01 24J-01 24H-01 24G-01 24F-01 24E-01
  2  1               24N-02 24M-02 24L-02 24K-02 24J-02 24H-02 24G-02 24F-02 24E-02 24D-02 24C-02
  3  1        24P-03 24N-03 24M-03 24L-03 24K-03 24J-03 24H-03 24G-03 24F-03 24E-03 24D-03 24C-03 24B-03
  4  1        24P-04 24N-04 24M-04 24L-04 24K-04 24J-04 24H-04 24G-04 24F-04 24E-04 24D-04 24C-04 24B-04
  5  1 24R-05 24P-05 24N-05 24M-05 24L-05 24K-05 24J-05 24H-05 24G-05 24F-05 24E-05 24D-05 24C-05 24B-05 24A-05
  6  1 24R-06 24P-06 24N-06 24M-06 24L-06 24K-06 24J-06 24H-06 24G-06 24F-06 24E-06 24D-06 24C-06 24B-06 24A-06
  7  1 24R-07 24P-07 24N-07 24M-07 24L-07 24K-07 24J-07 24H-07 24G-07 24F-07 24E-07 24D-07 24C-07 24B-07 24A-07
  8  1 24R-08 24P-08 24N-08 24M-08 24L-08 24K-08 24J-08 24H-08 24G-08 24F-08 24E-08 24D-08 24C-08 24B-08 24A-08
  9  1 24R-09 24P-09 24N-09 24M-09 24L-09 24K-09 24J-09 24H-09 24G-09 24F-09 24E-09 24D-09 24C-09 24B-09 24A-09
 10  1 24R-10 24P-10 24N-10 24M-10 24L-10 24K-10 24J-10 24H-10 24G-10 24F-10 24E-10 24D-10 24C-10 24B-10 24A-10
 11  1 24R-11 24P-11 24N-11 24M-11 24L-11 24K-11 24J-11 24H-11 24G-11 24F-11 24E-11 24D-11 24C-11 24B-11 24A-11
 12  1        24P-12 24N-12 24M-12 24L-12 24K-12 24J-12 24H-12 24G-12 24F-12 24E-12 24D-12 24C-12 24B-12
 13  1        24P-13 24N-13 24M-13 24L-13 24K-13 24J-13 24H-13 24G-13 24F-13 24E-13 24D-13 24C-13 24B-13
 14  1               24N-14 24M-14 24L-14 24K-14 24J-14 24H-14 24G-14 24F-14 24E-14 24D-14 24C-14
 15  1                             24L-15 24K-15 24J-15 24H-15 24G-15 24F-15 24E-15
  0  0     FUE.LAB/SER OR BPR.SER
 'FUE.SER' 6/
  1  1                             24L-01 24K-01 24J-01 24H-01 24G-01 24F-01 24E-01
  2  1               24N-02 24M-02 24L-02 24K-02 24J-02 24H-02 24G-02 24F-02 24E-02 24D-02 24C-02
  3  1        24P-03 24N-03 24M-03 24L-03 24K-03 24J-03 24H-03 24G-03 24F-03 24E-03 24D-03 24C-03 24B-03
  4  1        24P-04 24N-04 24M-04 24L-04 24K-04 24J-04 24H-04 24G-04 24F-04 24E-04 24D-04 24C-04 24B-04
  5  1 24R-05 24P-05 24N-05 24M-05 24L-05 24K-05 24J-05 24H-05 24G-05 24F-05 24E-05 24D-05 24C-05 24B-05 24A-05
  6  1 24R-06 24P-06 24N-06 24M-06 24L-06 24K-06 24J-06 24H-06 24G-06 24F-06 24E-06 24D-06 24C-06 24B-06 24A-06
  7  1 24R-07 24P-07 24N-07 24M-07 24L-07 24K-07 24J-07 24H-07 24G-07 24F-07 24E-07 24D-07 24C-07 24B-07 24A-07
  8  1 24R-08 24P-08 24N-08 24M-08 24L-08 24K-08 24J-08 24H-08 24G-08 24F-08 24E-08 24D-08 24C-08 24B-08 24A-08
  9  1 24R-09 24P-09 24N-09 24M-09 24L-09 24K-09 24J-09 24H-09 24G-09 24F-09 24E-09 24D-09 24C-09 24B-09 24A-09
 10  1 24R-10 24P-10 24N-10 24M-10 24L-10 24K-10 24J-10 24H-10 24G-10 24F-10 24E-10 24D-10 24C-10 24B-10 24A-10
 11  1 24R-11 24P-11 24N-11 24M-11 24L-11 24K-11 24J-11 24H-11 24G-11 24F-11 24E-11 24D-11 24C-11 24B-11 24A-11
 12  1        24P-12 24N-12 24M-12 24L-12 24K-12 24J-12 24H-12 24G-12 24F-12 24E-12 24D-12 24C-12 24B-12
 13  1        24P-13 24N-13 24M-13 24L-13 24K-13 24J-13 24H-13 24G-13 24F-13 24E-13 24D-13 24C-13 24B-13
 14  1               24N-14 24M-14 24L-14 24K-14 24J-14 24H-14 24G-14 24F-14 24E-14 24D-14 24C-14
 15  1                             24L-15 24K-15 24J-15 24H-15 24G-15 24F-15 24E-15
  0  0     FUE.LAB/SER OR BPR.SER
-
-


 ITE - QPANDA Flux solution 

  PIN.EDT 2XPO  - Peak Pin Exposure (GWd/T):   Assembly 2D  (AFTER PINFIL INTEGRATION)
 Renorm =  1.00000E+00     Axial Plane =  1
 **    8      9     10     11     12     13     14     15     **
  8 48.105 52.158 29.628 51.206 29.498 49.247 28.348 58.258   08
  9 52.158 29.067 50.799 28.993 51.374 52.121 28.922 59.351   09
 10 29.628 50.749 51.723 53.495 29.890 53.010 29.200 60.291   10
 11 51.206 28.991 53.489 30.169 53.412 30.486 29.012 57.791   11
 12 29.498 51.347 29.869 53.363 53.037 29.547 59.661          12
 13 49.247 52.123 52.968 30.419 29.379 17.997 56.004          13
 14 28.348 28.922 29.174 28.962 59.570 58.768                 14
 15 58.258 59.417 60.281 57.962                               15
 **   H-     G-     F-     E-     D-     C-     B-     A-     **
 
  PRI.STA 2EXP  - Assembly 2D Ave EXPOSURE  - GWD/T                                                                                 
 **    8      9     10     11     12     13     14     15     **
  8 46.550 49.802 28.524 49.389 28.207 47.387 25.454 53.174   08
  9 49.802 27.985 48.771 27.897 48.968 48.129 25.757 56.317   09
 10 28.524 48.690 45.431 49.738 28.476 49.236 25.636 57.037   10
 11 49.389 27.905 49.731 28.920 48.584 28.583 23.096 53.787   11
 12 28.207 48.939 28.455 48.518 48.905 23.776 55.972          12
 13 47.387 48.135 49.204 28.501 23.652 13.063 52.510          13
 14 25.454 25.774 25.622 23.046 55.885 54.087                 14
 15 53.174 56.360 57.042 53.932                               15
 **   H-     G-     F-     E-     D-     C-     B-     A-     **
 
 _____________________________________________________________________________________________________________________________

 WRE - Writing to restart file c1c24eoc.res
       at exposure =     537.0000 EFPD    
 ** Note    -   NOWRITE  - WRE - ITE.SRC card in input stream not written to restart file